2014/06/27 10:10:15 [error] [exception.CHttpException.404] exception 'CHttpException' with message 'Không thể giải quyết yêu cầu "bootstrap/js/docs.min.js".' in D:\MyProject\yii-web3s\framework\web\CWebApplication.php:286
Stack trace:
#0 D:\MyProject\yii-web3s\framework\web\CWebApplication.php(141): CWebApplication->runController('bootstrap/js/do...')
#1 D:\MyProject\yii-web3s\framework\base\CApplication.php(169): CWebApplication->processRequest()
#2 D:\MyProject\yii-web3s\ProtectedApp\behaviors\WebApplicationEndBehavior.php(30): CApplication->run()
#3 [internal function]: WebApplicationEndBehavior->runEnd('frontend')
#4 D:\MyProject\yii-web3s\framework\base\CComponent.php(260): call_user_func_array(Array, Array)
#5 D:\MyProject\yii-web3s\RunApp\Program.php(39): CComponent->__call('runEnd', Array)
#6 D:\MyProject\yii-web3s\RunApp\Program.php(39): CWebApplication->runEnd('frontend')
#7 D:\MyProject\yii-web3s\public\index.php(8): Program::run()
#8 {main}
REQUEST_URI=/bootstrap/js/docs.min.js
HTTP_REFERER=http://yii-web3s.local/index/index
---
2014/06/27 10:11:09 [error] [exception.CHttpException.404] exception 'CHttpException' with message 'Không thể giải quyết yêu cầu "bootstrap/js/docs.min.js".' in D:\MyProject\yii-web3s\framework\web\CWebApplication.php:286
Stack trace:
#0 D:\MyProject\yii-web3s\framework\web\CWebApplication.php(141): CWebApplication->runController('bootstrap/js/do...')
#1 D:\MyProject\yii-web3s\framework\base\CApplication.php(169): CWebApplication->processRequest()
#2 D:\MyProject\yii-web3s\ProtectedApp\behaviors\WebApplicationEndBehavior.php(30): CApplication->run()
#3 [internal function]: WebApplicationEndBehavior->runEnd('frontend')
#4 D:\MyProject\yii-web3s\framework\base\CComponent.php(260): call_user_func_array(Array, Array)
#5 D:\MyProject\yii-web3s\RunApp\Program.php(39): CComponent->__call('runEnd', Array)
#6 D:\MyProject\yii-web3s\RunApp\Program.php(39): CWebApplication->runEnd('frontend')
#7 D:\MyProject\yii-web3s\public\index.php(8): Program::run()
#8 {main}
REQUEST_URI=/bootstrap/js/docs.min.js
HTTP_REFERER=http://yii-web3s.local/index/index
---
2014/06/27 10:11:46 [error] [exception.CHttpException.404] exception 'CHttpException' with message 'Không thể giải quyết yêu cầu "bootstrap/js/docs.min.js".' in D:\MyProject\yii-web3s\framework\web\CWebApplication.php:286
Stack trace:
#0 D:\MyProject\yii-web3s\framework\web\CWebApplication.php(141): CWebApplication->runController('bootstrap/js/do...')
#1 D:\MyProject\yii-web3s\framework\base\CApplication.php(169): CWebApplication->processRequest()
#2 D:\MyProject\yii-web3s\ProtectedApp\behaviors\WebApplicationEndBehavior.php(30): CApplication->run()
#3 [internal function]: WebApplicationEndBehavior->runEnd('frontend')
#4 D:\MyProject\yii-web3s\framework\base\CComponent.php(260): call_user_func_array(Array, Array)
#5 D:\MyProject\yii-web3s\RunApp\Program.php(39): CComponent->__call('runEnd', Array)
#6 D:\MyProject\yii-web3s\RunApp\Program.php(39): CWebApplication->runEnd('frontend')
#7 D:\MyProject\yii-web3s\public\index.php(8): Program::run()
#8 {main}
REQUEST_URI=/bootstrap/js/docs.min.js
HTTP_REFERER=http://yii-web3s.local/index/index
---
2014/06/27 10:39:42 [error] [exception.CHttpException.404] exception 'CHttpException' with message 'Không thể giải quyết yêu cầu "bootstrap/js/docs.min.js".' in D:\MyProject\yii-web3s\framework\web\CWebApplication.php:286
Stack trace:
#0 D:\MyProject\yii-web3s\framework\web\CWebApplication.php(141): CWebApplication->runController('bootstrap/js/do...')
#1 D:\MyProject\yii-web3s\framework\base\CApplication.php(169): CWebApplication->processRequest()
#2 D:\MyProject\yii-web3s\ProtectedApp\behaviors\WebApplicationEndBehavior.php(30): CApplication->run()
#3 [internal function]: WebApplicationEndBehavior->runEnd('frontend')
#4 D:\MyProject\yii-web3s\framework\base\CComponent.php(260): call_user_func_array(Array, Array)
#5 D:\MyProject\yii-web3s\RunApp\Program.php(39): CComponent->__call('runEnd', Array)
#6 D:\MyProject\yii-web3s\RunApp\Program.php(39): CWebApplication->runEnd('frontend')
#7 D:\MyProject\yii-web3s\public\index.php(8): Program::run()
#8 {main}
REQUEST_URI=/bootstrap/js/docs.min.js
HTTP_REFERER=http://yii-web3s.local/index/index
---
2014/06/27 10:57:45 [error] [exception.CHttpException.404] exception 'CHttpException' with message 'Không thể giải quyết yêu cầu "bootstrap/js/docs.min.js".' in D:\MyProject\yii-web3s\framework\web\CWebApplication.php:286
Stack trace:
#0 D:\MyProject\yii-web3s\framework\web\CWebApplication.php(141): CWebApplication->runController('bootstrap/js/do...')
#1 D:\MyProject\yii-web3s\framework\base\CApplication.php(169): CWebApplication->processRequest()
#2 D:\MyProject\yii-web3s\ProtectedApp\behaviors\WebApplicationEndBehavior.php(30): CApplication->run()
#3 [internal function]: WebApplicationEndBehavior->runEnd('frontend')
#4 D:\MyProject\yii-web3s\framework\base\CComponent.php(260): call_user_func_array(Array, Array)
#5 D:\MyProject\yii-web3s\RunApp\Program.php(39): CComponent->__call('runEnd', Array)
#6 D:\MyProject\yii-web3s\RunApp\Program.php(39): CWebApplication->runEnd('frontend')
#7 D:\MyProject\yii-web3s\public\index.php(8): Program::run()
#8 {main}
REQUEST_URI=/bootstrap/js/docs.min.js
HTTP_REFERER=http://yii-web3s.local/index/index
---
